-------------------------------------------------------------------------------
Test set: com.twenty.one.UserTest
-------------------------------------------------------------------------------
Tests run: 5, Failures: 1, Errors: 0, Skipped: 0, Time elapsed: 2.115 s <<< FAILURE! - in com.twenty.one.UserTest
com.twenty.one.UserTest.shouldreturnNonNaId  Time elapsed: 0.009 s  <<< FAILURE!
org.opentest4j.AssertionFailedError: expected: not equal but was: <NA>
	at com.twenty.one.UserTest.shouldreturnNonNaId(UserTest.java:57)

