-------------------------------------------------------------------------------
Test set: com.fifteen.DateValidatorTest
-------------------------------------------------------------------------------
Tests run: 1, Failures: 1, Errors: 0, Skipped: 0, Time elapsed: 0.077 s <<< FAILURE! - in com.fifteen.DateValidatorTest
com.fifteen.DateValidatorTest.checkDate  Time elapsed: 0.054 s  <<< FAILURE!
java.lang.AssertionError
	at com.fifteen.DateValidatorTest.checkDate(DateValidatorTest.java:32)

